[2019-01-17 17:51:26] (ERROR @ C:\xampp\htdocs\project\core\xpdo\om\xpdoobject.class.php : 240) Error 3D000 executing statement: 
Array
(
    [0] => 3D000
    [1] => 1046
    [2] => No database selected
)

[2019-01-17 17:51:26] (ERROR @ C:\xampp\htdocs\project\core\xpdo\om\xpdoobject.class.php : 240) Error 3D000 executing statement: 
Array
(
    [0] => 3D000
    [1] => 1046
    [2] => No database selected
)

[2019-01-17 17:51:26] (FATAL) Could not load core MODX configuration!
[2019-01-17 17:51:31] (ERROR @ C:\xampp\htdocs\project\core\xpdo\om\xpdoobject.class.php : 240) Error 3D000 executing statement: 
Array
(
    [0] => 3D000
    [1] => 1046
    [2] => No database selected
)

[2019-01-17 17:51:31] (ERROR @ C:\xampp\htdocs\project\core\xpdo\om\xpdoobject.class.php : 240) Error 3D000 executing statement: 
Array
(
    [0] => 3D000
    [1] => 1046
    [2] => No database selected
)

[2019-01-17 17:51:31] (FATAL) Could not load core MODX configuration!
[2019-01-17 17:52:10] (ERROR @ C:\xampp\htdocs\project\core\xpdo\om\xpdoobject.class.php : 240) Error 3D000 executing statement: 
Array
(
    [0] => 3D000
    [1] => 1046
    [2] => No database selected
)

[2019-01-17 17:52:10] (ERROR @ C:\xampp\htdocs\project\core\xpdo\om\xpdoobject.class.php : 240) Error 3D000 executing statement: 
Array
(
    [0] => 3D000
    [1] => 1046
    [2] => No database selected
)

[2019-01-17 17:52:10] (FATAL) Could not load core MODX configuration!
[2019-01-17 17:53:19] (ERROR @ C:\xampp\htdocs\project\core\xpdo\om\xpdoobject.class.php : 240) Error 3D000 executing statement: 
Array
(
    [0] => 3D000
    [1] => 1046
    [2] => No database selected
)

[2019-01-17 17:53:19] (ERROR @ C:\xampp\htdocs\project\core\xpdo\om\xpdoobject.class.php : 240) Error 3D000 executing statement: 
Array
(
    [0] => 3D000
    [1] => 1046
    [2] => No database selected
)

[2019-01-17 17:53:19] (FATAL) Could not load core MODX configuration!
[2019-01-17 18:17:37] (ERROR @ C:\xampp\htdocs\project\core\xpdo\om\xpdoobject.class.php : 240) Error 3D000 executing statement: 
Array
(
    [0] => 3D000
    [1] => 1046
    [2] => No database selected
)

[2019-01-17 18:17:37] (ERROR @ C:\xampp\htdocs\project\core\xpdo\om\xpdoobject.class.php : 240) Error 3D000 executing statement: 
Array
(
    [0] => 3D000
    [1] => 1046
    [2] => No database selected
)

[2019-01-17 18:17:37] (FATAL) Could not load core MODX configuration!
[2019-01-17 18:17:43] (ERROR @ C:\xampp\htdocs\project\core\xpdo\om\xpdoobject.class.php : 240) Error 3D000 executing statement: 
Array
(
    [0] => 3D000
    [1] => 1046
    [2] => No database selected
)

[2019-01-17 18:17:43] (ERROR @ C:\xampp\htdocs\project\core\xpdo\om\xpdoobject.class.php : 240) Error 3D000 executing statement: 
Array
(
    [0] => 3D000
    [1] => 1046
    [2] => No database selected
)

[2019-01-17 18:17:43] (FATAL) Could not load core MODX configuration!
[2019-01-17 18:22:46] (ERROR @ C:\xampp\htdocs\project\core\xpdo\om\xpdoobject.class.php : 240) Error 3D000 executing statement: 
Array
(
    [0] => 3D000
    [1] => 1046
    [2] => No database selected
)

[2019-01-17 18:22:46] (ERROR @ C:\xampp\htdocs\project\core\xpdo\om\xpdoobject.class.php : 240) Error 3D000 executing statement: 
Array
(
    [0] => 3D000
    [1] => 1046
    [2] => No database selected
)

[2019-01-17 18:22:46] (FATAL) Could not load core MODX configuration!
[2019-01-17 18:33:54] (ERROR in modProcessor::run @ C:\xampp\htdocs\project\core\model\modx\modprocessor.class.php : 177) Flat file processor support is deprecated since version 2.7.0. 
[2019-01-17 18:41:54] (ERROR in modProcessor::run @ C:\xampp\htdocs\project\core\model\modx\modprocessor.class.php : 177) Flat file processor support is deprecated since version 2.7.0. 
[2019-01-17 18:42:10] (ERROR in modProcessor::run @ C:\xampp\htdocs\project\core\model\modx\modprocessor.class.php : 177) Flat file processor support is deprecated since version 2.7.0. 
[2019-01-17 18:42:20] (ERROR in modProcessor::run @ C:\xampp\htdocs\project\core\model\modx\modprocessor.class.php : 177) Flat file processor support is deprecated since version 2.7.0. 
[2019-01-17 18:49:05] (ERROR in modProcessor::run @ C:\xampp\htdocs\project\core\model\modx\modprocessor.class.php : 177) Flat file processor support is deprecated since version 2.7.0. 
[2019-01-17 18:49:14] (ERROR in modProcessor::run @ C:\xampp\htdocs\project\core\model\modx\modprocessor.class.php : 177) Flat file processor support is deprecated since version 2.7.0. 
[2019-01-17 18:52:16] (ERROR in modProcessor::run @ C:\xampp\htdocs\project\core\model\modx\modprocessor.class.php : 177) Flat file processor support is deprecated since version 2.7.0. 
[2019-01-17 18:52:17] (ERROR in xPDO::getService @ C:\xampp\htdocs\project\core\xpdo\xpdo.class.php : 1234) modRestClient::__construct is deprecated since version 2.3.0. Use the modRest classes instead.
[2019-01-17 18:52:17] (ERROR in xPDO::getService @ C:\xampp\htdocs\project\core\xpdo\xpdo.class.php : 1234) modRestClient::__construct is deprecated since version 2.3.0. Use the modRest classes instead.
[2019-01-17 18:52:17] (ERROR in modRestCurlClient::__construct @ C:\xampp\htdocs\project\core\model\modx\rest\modrestcurlclient.class.php : 26) modRestClient::__construct is deprecated since version 2.3.0. Use the modRest classes instead.
[2019-01-17 18:52:17] (ERROR in modRestCurlClient::__construct @ C:\xampp\htdocs\project\core\model\modx\rest\modrestcurlclient.class.php : 26) modRestClient::__construct is deprecated since version 2.3.0. Use the modRest classes instead.
[2019-01-17 18:52:17] (ERROR @ C:\xampp\htdocs\project\core\model\modx\transport\modtransportpackage.class.php : 487) PHP warning: "continue" targeting switch is equivalent to "break". Did you mean to use "continue 2"?
[2019-01-17 18:52:19] (ERROR @ C:\xampp\htdocs\project\core\model\modx\transport\modtransportpackage.class.php : 487) PHP warning: "continue" targeting switch is equivalent to "break". Did you mean to use "continue 2"?
[2019-01-17 18:52:19] (ERROR @ C:\xampp\htdocs\project\core\model\modx\transport\modtransportpackage.class.php : 487) PHP warning: "continue" targeting switch is equivalent to "break". Did you mean to use "continue 2"?
[2019-01-17 18:52:41] (ERROR in modProcessor::run @ C:\xampp\htdocs\project\core\model\modx\modprocessor.class.php : 177) Flat file processor support is deprecated since version 2.7.0. 
[2019-01-17 18:52:42] (ERROR in xPDO::getService @ C:\xampp\htdocs\project\core\xpdo\xpdo.class.php : 1234) modRestClient::__construct is deprecated since version 2.3.0. Use the modRest classes instead.
[2019-01-17 18:52:42] (ERROR in modRestCurlClient::__construct @ C:\xampp\htdocs\project\core\model\modx\rest\modrestcurlclient.class.php : 26) modRestClient::__construct is deprecated since version 2.3.0. Use the modRest classes instead.
[2019-01-17 18:52:42] (ERROR in xPDO::getService @ C:\xampp\htdocs\project\core\xpdo\xpdo.class.php : 1234) modRestClient::__construct is deprecated since version 2.3.0. Use the modRest classes instead.
[2019-01-17 18:52:42] (ERROR in modRestCurlClient::__construct @ C:\xampp\htdocs\project\core\model\modx\rest\modrestcurlclient.class.php : 26) modRestClient::__construct is deprecated since version 2.3.0. Use the modRest classes instead.
[2019-01-17 18:52:42] (ERROR @ C:\xampp\htdocs\project\core\model\modx\transport\modtransportpackage.class.php : 487) PHP warning: "continue" targeting switch is equivalent to "break". Did you mean to use "continue 2"?
[2019-01-17 18:52:43] (ERROR @ C:\xampp\htdocs\project\core\model\modx\transport\modtransportpackage.class.php : 487) PHP warning: "continue" targeting switch is equivalent to "break". Did you mean to use "continue 2"?
[2019-01-17 18:52:43] (ERROR @ C:\xampp\htdocs\project\core\model\modx\transport\modtransportpackage.class.php : 487) PHP warning: "continue" targeting switch is equivalent to "break". Did you mean to use "continue 2"?
[2019-01-17 18:52:53] (ERROR in xPDO::getService @ C:\xampp\htdocs\project\core\xpdo\xpdo.class.php : 1234) modRestClient::__construct is deprecated since version 2.3.0. Use the modRest classes instead.
[2019-01-17 18:52:53] (ERROR in xPDO::getService @ C:\xampp\htdocs\project\core\xpdo\xpdo.class.php : 1234) modRestClient::__construct is deprecated since version 2.3.0. Use the modRest classes instead.
[2019-01-17 18:52:53] (ERROR in modRestCurlClient::__construct @ C:\xampp\htdocs\project\core\model\modx\rest\modrestcurlclient.class.php : 26) modRestClient::__construct is deprecated since version 2.3.0. Use the modRest classes instead.
[2019-01-17 18:52:59] (ERROR in xPDO::getService @ C:\xampp\htdocs\project\core\xpdo\xpdo.class.php : 1234) modRestClient::__construct is deprecated since version 2.3.0. Use the modRest classes instead.
[2019-01-17 18:52:59] (ERROR in modRestCurlClient::__construct @ C:\xampp\htdocs\project\core\model\modx\rest\modrestcurlclient.class.php : 26) modRestClient::__construct is deprecated since version 2.3.0. Use the modRest classes instead.
[2019-01-17 18:53:00] (ERROR @ C:\xampp\htdocs\project\core\model\modx\transport\modtransportpackage.class.php : 487) PHP warning: "continue" targeting switch is equivalent to "break". Did you mean to use "continue 2"?
[2019-01-17 18:53:02] (ERROR in xPDO::getService @ C:\xampp\htdocs\project\core\xpdo\xpdo.class.php : 1234) modRestClient::__construct is deprecated since version 2.3.0. Use the modRest classes instead.
[2019-01-17 18:53:02] (ERROR in modRestCurlClient::__construct @ C:\xampp\htdocs\project\core\model\modx\rest\modrestcurlclient.class.php : 26) modRestClient::__construct is deprecated since version 2.3.0. Use the modRest classes instead.
[2019-01-17 18:53:02] (ERROR @ C:\xampp\htdocs\project\core\model\modx\transport\modtransportpackage.class.php : 487) PHP warning: "continue" targeting switch is equivalent to "break". Did you mean to use "continue 2"?
[2019-01-17 18:53:10] (ERROR @ C:\xampp\htdocs\project\core\xpdo\transport\xpdovehicle.class.php : 145) PHP warning: "continue" targeting switch is equivalent to "break". Did you mean to use "continue 2"?
[2019-01-17 18:53:10] (ERROR @ C:\xampp\htdocs\project\core\xpdo\transport\xpdovehicle.class.php : 222) PHP warning: "continue" targeting switch is equivalent to "break". Did you mean to use "continue 2"?
[2019-01-17 18:53:10] (ERROR in xPDO::getService @ C:\xampp\htdocs\project\core\xpdo\xpdo.class.php : 1234) modRestClient::__construct is deprecated since version 2.3.0. Use the modRest classes instead.
[2019-01-17 18:53:10] (ERROR in modRestCurlClient::__construct @ C:\xampp\htdocs\project\core\model\modx\rest\modrestcurlclient.class.php : 26) modRestClient::__construct is deprecated since version 2.3.0. Use the modRest classes instead.
[2019-01-17 18:53:10] (ERROR @ C:\xampp\htdocs\project\core\model\modx\transport\modtransportpackage.class.php : 487) PHP warning: "continue" targeting switch is equivalent to "break". Did you mean to use "continue 2"?
[2019-01-17 18:53:10] (ERROR in xPDO::getService @ C:\xampp\htdocs\project\core\xpdo\xpdo.class.php : 1234) modRestClient::__construct is deprecated since version 2.3.0. Use the modRest classes instead.
[2019-01-17 18:53:10] (ERROR in modRestCurlClient::__construct @ C:\xampp\htdocs\project\core\model\modx\rest\modrestcurlclient.class.php : 26) modRestClient::__construct is deprecated since version 2.3.0. Use the modRest classes instead.
[2019-01-17 18:53:11] (ERROR @ C:\xampp\htdocs\project\core\model\modx\transport\modtransportpackage.class.php : 487) PHP warning: "continue" targeting switch is equivalent to "break". Did you mean to use "continue 2"?
[2019-01-17 18:53:13] (ERROR in xPDO::getService @ C:\xampp\htdocs\project\core\xpdo\xpdo.class.php : 1234) modRestClient::__construct is deprecated since version 2.3.0. Use the modRest classes instead.
[2019-01-17 18:53:13] (ERROR in modRestCurlClient::__construct @ C:\xampp\htdocs\project\core\model\modx\rest\modrestcurlclient.class.php : 26) modRestClient::__construct is deprecated since version 2.3.0. Use the modRest classes instead.
[2019-01-17 18:53:14] (ERROR @ C:\xampp\htdocs\project\core\model\modx\transport\modtransportpackage.class.php : 487) PHP warning: "continue" targeting switch is equivalent to "break". Did you mean to use "continue 2"?
[2019-01-17 18:53:18] (ERROR in xPDO::getService @ C:\xampp\htdocs\project\core\xpdo\xpdo.class.php : 1234) modRestClient::__construct is deprecated since version 2.3.0. Use the modRest classes instead.
[2019-01-17 18:53:18] (ERROR in modRestCurlClient::__construct @ C:\xampp\htdocs\project\core\model\modx\rest\modrestcurlclient.class.php : 26) modRestClient::__construct is deprecated since version 2.3.0. Use the modRest classes instead.
[2019-01-17 18:53:19] (ERROR @ C:\xampp\htdocs\project\core\model\modx\transport\modtransportpackage.class.php : 487) PHP warning: "continue" targeting switch is equivalent to "break". Did you mean to use "continue 2"?
[2019-01-17 18:53:49] (ERROR @ C:\xampp\htdocs\project\core\xpdo\transport\xpdovehicle.class.php : 145) PHP warning: "continue" targeting switch is equivalent to "break". Did you mean to use "continue 2"?
[2019-01-17 18:53:49] (ERROR @ C:\xampp\htdocs\project\core\xpdo\transport\xpdovehicle.class.php : 222) PHP warning: "continue" targeting switch is equivalent to "break". Did you mean to use "continue 2"?
[2019-01-17 18:53:50] (ERROR in xPDO::getService @ C:\xampp\htdocs\project\core\xpdo\xpdo.class.php : 1234) modRestClient::__construct is deprecated since version 2.3.0. Use the modRest classes instead.
[2019-01-17 18:53:50] (ERROR in modRestCurlClient::__construct @ C:\xampp\htdocs\project\core\model\modx\rest\modrestcurlclient.class.php : 26) modRestClient::__construct is deprecated since version 2.3.0. Use the modRest classes instead.
[2019-01-17 18:53:50] (ERROR @ C:\xampp\htdocs\project\core\model\modx\transport\modtransportpackage.class.php : 487) PHP warning: "continue" targeting switch is equivalent to "break". Did you mean to use "continue 2"?
[2019-01-17 18:53:50] (ERROR in xPDO::getService @ C:\xampp\htdocs\project\core\xpdo\xpdo.class.php : 1234) modRestClient::__construct is deprecated since version 2.3.0. Use the modRest classes instead.
[2019-01-17 18:53:50] (ERROR in modRestCurlClient::__construct @ C:\xampp\htdocs\project\core\model\modx\rest\modrestcurlclient.class.php : 26) modRestClient::__construct is deprecated since version 2.3.0. Use the modRest classes instead.
[2019-01-17 18:53:51] (ERROR @ C:\xampp\htdocs\project\core\model\modx\transport\modtransportpackage.class.php : 487) PHP warning: "continue" targeting switch is equivalent to "break". Did you mean to use "continue 2"?
[2019-01-17 18:54:16] (ERROR in xPDO::getService @ C:\xampp\htdocs\project\core\xpdo\xpdo.class.php : 1234) modRestClient::__construct is deprecated since version 2.3.0. Use the modRest classes instead.
[2019-01-17 18:54:16] (ERROR in modRestCurlClient::__construct @ C:\xampp\htdocs\project\core\model\modx\rest\modrestcurlclient.class.php : 26) modRestClient::__construct is deprecated since version 2.3.0. Use the modRest classes instead.
[2019-01-17 18:54:17] (ERROR @ C:\xampp\htdocs\project\core\model\modx\transport\modtransportpackage.class.php : 487) PHP warning: "continue" targeting switch is equivalent to "break". Did you mean to use "continue 2"?
[2019-01-17 18:54:18] (ERROR in xPDO::getService @ C:\xampp\htdocs\project\core\xpdo\xpdo.class.php : 1234) modRestClient::__construct is deprecated since version 2.3.0. Use the modRest classes instead.
[2019-01-17 18:54:18] (ERROR in modRestCurlClient::__construct @ C:\xampp\htdocs\project\core\model\modx\rest\modrestcurlclient.class.php : 26) modRestClient::__construct is deprecated since version 2.3.0. Use the modRest classes instead.
[2019-01-17 18:54:19] (ERROR @ C:\xampp\htdocs\project\core\model\modx\transport\modtransportpackage.class.php : 487) PHP warning: "continue" targeting switch is equivalent to "break". Did you mean to use "continue 2"?
[2019-01-17 18:54:29] (ERROR @ C:\xampp\htdocs\project\core\xpdo\transport\xpdovehicle.class.php : 145) PHP warning: "continue" targeting switch is equivalent to "break". Did you mean to use "continue 2"?
[2019-01-17 18:54:29] (ERROR @ C:\xampp\htdocs\project\core\xpdo\transport\xpdovehicle.class.php : 222) PHP warning: "continue" targeting switch is equivalent to "break". Did you mean to use "continue 2"?
[2019-01-17 18:54:29] (ERROR @ C:\xampp\htdocs\project\core\model\modx\transport\modtransportpackage.class.php : 487) PHP warning: "continue" targeting switch is equivalent to "break". Did you mean to use "continue 2"?
[2019-01-17 18:54:29] (ERROR in xPDO::getService @ C:\xampp\htdocs\project\core\xpdo\xpdo.class.php : 1234) modRestClient::__construct is deprecated since version 2.3.0. Use the modRest classes instead.
[2019-01-17 18:54:29] (ERROR in modRestCurlClient::__construct @ C:\xampp\htdocs\project\core\model\modx\rest\modrestcurlclient.class.php : 26) modRestClient::__construct is deprecated since version 2.3.0. Use the modRest classes instead.
[2019-01-17 18:54:29] (ERROR in xPDO::getService @ C:\xampp\htdocs\project\core\xpdo\xpdo.class.php : 1234) modRestClient::__construct is deprecated since version 2.3.0. Use the modRest classes instead.
[2019-01-17 18:54:30] (ERROR in modRestCurlClient::__construct @ C:\xampp\htdocs\project\core\model\modx\rest\modrestcurlclient.class.php : 26) modRestClient::__construct is deprecated since version 2.3.0. Use the modRest classes instead.
[2019-01-17 18:54:31] (ERROR @ C:\xampp\htdocs\project\core\model\modx\transport\modtransportpackage.class.php : 487) PHP warning: "continue" targeting switch is equivalent to "break". Did you mean to use "continue 2"?
[2019-01-17 18:54:33] (ERROR in xPDO::getService @ C:\xampp\htdocs\project\core\xpdo\xpdo.class.php : 1234) modRestClient::__construct is deprecated since version 2.3.0. Use the modRest classes instead.
[2019-01-17 18:54:33] (ERROR in modRestCurlClient::__construct @ C:\xampp\htdocs\project\core\model\modx\rest\modrestcurlclient.class.php : 26) modRestClient::__construct is deprecated since version 2.3.0. Use the modRest classes instead.
[2019-01-17 18:54:34] (ERROR @ C:\xampp\htdocs\project\core\model\modx\transport\modtransportpackage.class.php : 487) PHP warning: "continue" targeting switch is equivalent to "break". Did you mean to use "continue 2"?
[2019-01-17 18:54:35] (ERROR in xPDO::getService @ C:\xampp\htdocs\project\core\xpdo\xpdo.class.php : 1234) modRestClient::__construct is deprecated since version 2.3.0. Use the modRest classes instead.
[2019-01-17 18:54:35] (ERROR in modRestCurlClient::__construct @ C:\xampp\htdocs\project\core\model\modx\rest\modrestcurlclient.class.php : 26) modRestClient::__construct is deprecated since version 2.3.0. Use the modRest classes instead.
[2019-01-17 18:54:36] (ERROR @ C:\xampp\htdocs\project\core\model\modx\transport\modtransportpackage.class.php : 487) PHP warning: "continue" targeting switch is equivalent to "break". Did you mean to use "continue 2"?
[2019-01-17 18:54:47] (ERROR @ C:\xampp\htdocs\project\core\xpdo\transport\xpdovehicle.class.php : 145) PHP warning: "continue" targeting switch is equivalent to "break". Did you mean to use "continue 2"?
[2019-01-17 18:54:47] (ERROR @ C:\xampp\htdocs\project\core\xpdo\transport\xpdovehicle.class.php : 222) PHP warning: "continue" targeting switch is equivalent to "break". Did you mean to use "continue 2"?
[2019-01-17 18:54:47] (ERROR in xPDO::getService @ C:\xampp\htdocs\project\core\xpdo\xpdo.class.php : 1234) modRestClient::__construct is deprecated since version 2.3.0. Use the modRest classes instead.
[2019-01-17 18:54:47] (ERROR in modRestCurlClient::__construct @ C:\xampp\htdocs\project\core\model\modx\rest\modrestcurlclient.class.php : 26) modRestClient::__construct is deprecated since version 2.3.0. Use the modRest classes instead.
[2019-01-17 18:54:47] (ERROR @ C:\xampp\htdocs\project\core\model\modx\transport\modtransportpackage.class.php : 487) PHP warning: "continue" targeting switch is equivalent to "break". Did you mean to use "continue 2"?
[2019-01-17 18:54:47] (ERROR in xPDO::getService @ C:\xampp\htdocs\project\core\xpdo\xpdo.class.php : 1234) modRestClient::__construct is deprecated since version 2.3.0. Use the modRest classes instead.
[2019-01-17 18:54:47] (ERROR in modRestCurlClient::__construct @ C:\xampp\htdocs\project\core\model\modx\rest\modrestcurlclient.class.php : 26) modRestClient::__construct is deprecated since version 2.3.0. Use the modRest classes instead.
[2019-01-17 18:54:48] (ERROR @ C:\xampp\htdocs\project\core\model\modx\transport\modtransportpackage.class.php : 487) PHP warning: "continue" targeting switch is equivalent to "break". Did you mean to use "continue 2"?
[2019-01-17 18:54:57] (ERROR in xPDO::getService @ C:\xampp\htdocs\project\core\xpdo\xpdo.class.php : 1234) modRestClient::__construct is deprecated since version 2.3.0. Use the modRest classes instead.
[2019-01-17 18:54:57] (ERROR in modRestCurlClient::__construct @ C:\xampp\htdocs\project\core\model\modx\rest\modrestcurlclient.class.php : 26) modRestClient::__construct is deprecated since version 2.3.0. Use the modRest classes instead.
[2019-01-17 18:54:58] (ERROR @ C:\xampp\htdocs\project\core\model\modx\transport\modtransportpackage.class.php : 487) PHP warning: "continue" targeting switch is equivalent to "break". Did you mean to use "continue 2"?
[2019-01-17 18:55:01] (ERROR in xPDO::getService @ C:\xampp\htdocs\project\core\xpdo\xpdo.class.php : 1234) modRestClient::__construct is deprecated since version 2.3.0. Use the modRest classes instead.
[2019-01-17 18:55:01] (ERROR in modRestCurlClient::__construct @ C:\xampp\htdocs\project\core\model\modx\rest\modrestcurlclient.class.php : 26) modRestClient::__construct is deprecated since version 2.3.0. Use the modRest classes instead.
[2019-01-17 18:55:02] (ERROR @ C:\xampp\htdocs\project\core\model\modx\transport\modtransportpackage.class.php : 487) PHP warning: "continue" targeting switch is equivalent to "break". Did you mean to use "continue 2"?
[2019-01-17 18:55:13] (ERROR @ C:\xampp\htdocs\project\core\xpdo\transport\xpdovehicle.class.php : 145) PHP warning: "continue" targeting switch is equivalent to "break". Did you mean to use "continue 2"?
[2019-01-17 18:55:13] (ERROR @ C:\xampp\htdocs\project\core\xpdo\transport\xpdovehicle.class.php : 222) PHP warning: "continue" targeting switch is equivalent to "break". Did you mean to use "continue 2"?
[2019-01-17 18:55:13] (ERROR in xPDO::getService @ C:\xampp\htdocs\project\core\xpdo\xpdo.class.php : 1234) modRestClient::__construct is deprecated since version 2.3.0. Use the modRest classes instead.
[2019-01-17 18:55:13] (ERROR in modRestCurlClient::__construct @ C:\xampp\htdocs\project\core\model\modx\rest\modrestcurlclient.class.php : 26) modRestClient::__construct is deprecated since version 2.3.0. Use the modRest classes instead.
[2019-01-17 18:55:13] (ERROR @ C:\xampp\htdocs\project\core\model\modx\transport\modtransportpackage.class.php : 487) PHP warning: "continue" targeting switch is equivalent to "break". Did you mean to use "continue 2"?
[2019-01-17 18:55:13] (ERROR in xPDO::getService @ C:\xampp\htdocs\project\core\xpdo\xpdo.class.php : 1234) modRestClient::__construct is deprecated since version 2.3.0. Use the modRest classes instead.
[2019-01-17 18:55:13] (ERROR in modRestCurlClient::__construct @ C:\xampp\htdocs\project\core\model\modx\rest\modrestcurlclient.class.php : 26) modRestClient::__construct is deprecated since version 2.3.0. Use the modRest classes instead.
[2019-01-17 18:55:14] (ERROR @ C:\xampp\htdocs\project\core\model\modx\transport\modtransportpackage.class.php : 487) PHP warning: "continue" targeting switch is equivalent to "break". Did you mean to use "continue 2"?
[2019-01-17 18:55:21] (ERROR in xPDO::getService @ C:\xampp\htdocs\project\core\xpdo\xpdo.class.php : 1234) modRestClient::__construct is deprecated since version 2.3.0. Use the modRest classes instead.
[2019-01-17 18:55:21] (ERROR in modRestCurlClient::__construct @ C:\xampp\htdocs\project\core\model\modx\rest\modrestcurlclient.class.php : 26) modRestClient::__construct is deprecated since version 2.3.0. Use the modRest classes instead.
[2019-01-17 18:55:22] (ERROR @ C:\xampp\htdocs\project\core\model\modx\transport\modtransportpackage.class.php : 487) PHP warning: "continue" targeting switch is equivalent to "break". Did you mean to use "continue 2"?
[2019-01-17 18:55:25] (ERROR in xPDO::getService @ C:\xampp\htdocs\project\core\xpdo\xpdo.class.php : 1234) modRestClient::__construct is deprecated since version 2.3.0. Use the modRest classes instead.
[2019-01-17 18:55:25] (ERROR in modRestCurlClient::__construct @ C:\xampp\htdocs\project\core\model\modx\rest\modrestcurlclient.class.php : 26) modRestClient::__construct is deprecated since version 2.3.0. Use the modRest classes instead.
[2019-01-17 18:55:25] (ERROR @ C:\xampp\htdocs\project\core\model\modx\transport\modtransportpackage.class.php : 487) PHP warning: "continue" targeting switch is equivalent to "break". Did you mean to use "continue 2"?
[2019-01-17 18:55:36] (ERROR @ C:\xampp\htdocs\project\core\xpdo\transport\xpdovehicle.class.php : 145) PHP warning: "continue" targeting switch is equivalent to "break". Did you mean to use "continue 2"?
[2019-01-17 18:55:36] (ERROR @ C:\xampp\htdocs\project\core\xpdo\transport\xpdovehicle.class.php : 222) PHP warning: "continue" targeting switch is equivalent to "break". Did you mean to use "continue 2"?
[2019-01-17 18:55:36] (ERROR in xPDO::getService @ C:\xampp\htdocs\project\core\xpdo\xpdo.class.php : 1234) modRestClient::__construct is deprecated since version 2.3.0. Use the modRest classes instead.
[2019-01-17 18:55:36] (ERROR in modRestCurlClient::__construct @ C:\xampp\htdocs\project\core\model\modx\rest\modrestcurlclient.class.php : 26) modRestClient::__construct is deprecated since version 2.3.0. Use the modRest classes instead.
[2019-01-17 18:55:36] (ERROR @ C:\xampp\htdocs\project\core\model\modx\transport\modtransportpackage.class.php : 487) PHP warning: "continue" targeting switch is equivalent to "break". Did you mean to use "continue 2"?
[2019-01-17 18:55:36] (ERROR in xPDO::getService @ C:\xampp\htdocs\project\core\xpdo\xpdo.class.php : 1234) modRestClient::__construct is deprecated since version 2.3.0. Use the modRest classes instead.
[2019-01-17 18:55:36] (ERROR in modRestCurlClient::__construct @ C:\xampp\htdocs\project\core\model\modx\rest\modrestcurlclient.class.php : 26) modRestClient::__construct is deprecated since version 2.3.0. Use the modRest classes instead.
[2019-01-17 18:55:37] (ERROR @ C:\xampp\htdocs\project\core\model\modx\transport\modtransportpackage.class.php : 487) PHP warning: "continue" targeting switch is equivalent to "break". Did you mean to use "continue 2"?
[2019-01-17 18:55:39] (ERROR in xPDO::getService @ C:\xampp\htdocs\project\core\xpdo\xpdo.class.php : 1234) modRestClient::__construct is deprecated since version 2.3.0. Use the modRest classes instead.
[2019-01-17 18:55:39] (ERROR in modRestCurlClient::__construct @ C:\xampp\htdocs\project\core\model\modx\rest\modrestcurlclient.class.php : 26) modRestClient::__construct is deprecated since version 2.3.0. Use the modRest classes instead.
[2019-01-17 18:55:40] (ERROR @ C:\xampp\htdocs\project\core\model\modx\transport\modtransportpackage.class.php : 487) PHP warning: "continue" targeting switch is equivalent to "break". Did you mean to use "continue 2"?
[2019-01-17 18:55:43] (ERROR in xPDO::getService @ C:\xampp\htdocs\project\core\xpdo\xpdo.class.php : 1234) modRestClient::__construct is deprecated since version 2.3.0. Use the modRest classes instead.
[2019-01-17 18:55:43] (ERROR in modRestCurlClient::__construct @ C:\xampp\htdocs\project\core\model\modx\rest\modrestcurlclient.class.php : 26) modRestClient::__construct is deprecated since version 2.3.0. Use the modRest classes instead.
[2019-01-17 18:55:43] (ERROR @ C:\xampp\htdocs\project\core\model\modx\transport\modtransportpackage.class.php : 487) PHP warning: "continue" targeting switch is equivalent to "break". Did you mean to use "continue 2"?
[2019-01-17 18:55:45] (ERROR @ C:\xampp\htdocs\project\core\xpdo\transport\xpdovehicle.class.php : 145) PHP warning: "continue" targeting switch is equivalent to "break". Did you mean to use "continue 2"?
[2019-01-17 18:55:45] (ERROR @ C:\xampp\htdocs\project\core\xpdo\transport\xpdovehicle.class.php : 222) PHP warning: "continue" targeting switch is equivalent to "break". Did you mean to use "continue 2"?
[2019-01-17 18:55:45] (ERROR in xPDO::getService @ C:\xampp\htdocs\project\core\xpdo\xpdo.class.php : 1234) modRestClient::__construct is deprecated since version 2.3.0. Use the modRest classes instead.
[2019-01-17 18:55:45] (ERROR @ C:\xampp\htdocs\project\core\model\modx\transport\modtransportpackage.class.php : 487) PHP warning: "continue" targeting switch is equivalent to "break". Did you mean to use "continue 2"?
[2019-01-17 18:55:45] (ERROR in modRestCurlClient::__construct @ C:\xampp\htdocs\project\core\model\modx\rest\modrestcurlclient.class.php : 26) modRestClient::__construct is deprecated since version 2.3.0. Use the modRest classes instead.
[2019-01-17 18:55:45] (ERROR in xPDO::getService @ C:\xampp\htdocs\project\core\xpdo\xpdo.class.php : 1234) modRestClient::__construct is deprecated since version 2.3.0. Use the modRest classes instead.
[2019-01-17 18:55:45] (ERROR in modRestCurlClient::__construct @ C:\xampp\htdocs\project\core\model\modx\rest\modrestcurlclient.class.php : 26) modRestClient::__construct is deprecated since version 2.3.0. Use the modRest classes instead.
[2019-01-17 18:55:46] (ERROR @ C:\xampp\htdocs\project\core\model\modx\transport\modtransportpackage.class.php : 487) PHP warning: "continue" targeting switch is equivalent to "break". Did you mean to use "continue 2"?
[2019-01-17 18:55:54] (ERROR in xPDO::getService @ C:\xampp\htdocs\project\core\xpdo\xpdo.class.php : 1234) modRestClient::__construct is deprecated since version 2.3.0. Use the modRest classes instead.
[2019-01-17 18:55:54] (ERROR in modRestCurlClient::__construct @ C:\xampp\htdocs\project\core\model\modx\rest\modrestcurlclient.class.php : 26) modRestClient::__construct is deprecated since version 2.3.0. Use the modRest classes instead.
[2019-01-17 18:55:55] (ERROR @ C:\xampp\htdocs\project\core\model\modx\transport\modtransportpackage.class.php : 487) PHP warning: "continue" targeting switch is equivalent to "break". Did you mean to use "continue 2"?
[2019-01-17 18:55:58] (ERROR in xPDO::getService @ C:\xampp\htdocs\project\core\xpdo\xpdo.class.php : 1234) modRestClient::__construct is deprecated since version 2.3.0. Use the modRest classes instead.
[2019-01-17 18:55:58] (ERROR in modRestCurlClient::__construct @ C:\xampp\htdocs\project\core\model\modx\rest\modrestcurlclient.class.php : 26) modRestClient::__construct is deprecated since version 2.3.0. Use the modRest classes instead.
[2019-01-17 18:55:58] (ERROR @ C:\xampp\htdocs\project\core\model\modx\transport\modtransportpackage.class.php : 487) PHP warning: "continue" targeting switch is equivalent to "break". Did you mean to use "continue 2"?
[2019-01-17 18:56:00] (ERROR @ C:\xampp\htdocs\project\core\xpdo\transport\xpdovehicle.class.php : 145) PHP warning: "continue" targeting switch is equivalent to "break". Did you mean to use "continue 2"?
[2019-01-17 18:56:00] (ERROR @ C:\xampp\htdocs\project\core\xpdo\transport\xpdovehicle.class.php : 222) PHP warning: "continue" targeting switch is equivalent to "break". Did you mean to use "continue 2"?
[2019-01-17 18:56:00] (ERROR in xPDO::getService @ C:\xampp\htdocs\project\core\xpdo\xpdo.class.php : 1234) modRestClient::__construct is deprecated since version 2.3.0. Use the modRest classes instead.
[2019-01-17 18:56:00] (ERROR @ C:\xampp\htdocs\project\core\model\modx\transport\modtransportpackage.class.php : 487) PHP warning: "continue" targeting switch is equivalent to "break". Did you mean to use "continue 2"?
[2019-01-17 18:56:00] (ERROR in modRestCurlClient::__construct @ C:\xampp\htdocs\project\core\model\modx\rest\modrestcurlclient.class.php : 26) modRestClient::__construct is deprecated since version 2.3.0. Use the modRest classes instead.
[2019-01-17 18:56:00] (ERROR in xPDO::getService @ C:\xampp\htdocs\project\core\xpdo\xpdo.class.php : 1234) modRestClient::__construct is deprecated since version 2.3.0. Use the modRest classes instead.
[2019-01-17 18:56:00] (ERROR in modRestCurlClient::__construct @ C:\xampp\htdocs\project\core\model\modx\rest\modrestcurlclient.class.php : 26) modRestClient::__construct is deprecated since version 2.3.0. Use the modRest classes instead.
[2019-01-17 18:56:01] (ERROR @ C:\xampp\htdocs\project\core\model\modx\transport\modtransportpackage.class.php : 487) PHP warning: "continue" targeting switch is equivalent to "break". Did you mean to use "continue 2"?
[2019-01-17 18:56:05] (ERROR in xPDO::getService @ C:\xampp\htdocs\project\core\xpdo\xpdo.class.php : 1234) modRestClient::__construct is deprecated since version 2.3.0. Use the modRest classes instead.
[2019-01-17 18:56:05] (ERROR in modRestCurlClient::__construct @ C:\xampp\htdocs\project\core\model\modx\rest\modrestcurlclient.class.php : 26) modRestClient::__construct is deprecated since version 2.3.0. Use the modRest classes instead.
[2019-01-17 18:56:06] (ERROR @ C:\xampp\htdocs\project\core\model\modx\transport\modtransportpackage.class.php : 487) PHP warning: "continue" targeting switch is equivalent to "break". Did you mean to use "continue 2"?
[2019-01-17 18:56:09] (ERROR in xPDO::getService @ C:\xampp\htdocs\project\core\xpdo\xpdo.class.php : 1234) modRestClient::__construct is deprecated since version 2.3.0. Use the modRest classes instead.
[2019-01-17 18:56:09] (ERROR in modRestCurlClient::__construct @ C:\xampp\htdocs\project\core\model\modx\rest\modrestcurlclient.class.php : 26) modRestClient::__construct is deprecated since version 2.3.0. Use the modRest classes instead.
[2019-01-17 18:56:10] (ERROR @ C:\xampp\htdocs\project\core\model\modx\transport\modtransportpackage.class.php : 487) PHP warning: "continue" targeting switch is equivalent to "break". Did you mean to use "continue 2"?
[2019-01-17 18:56:13] (ERROR @ C:\xampp\htdocs\project\core\xpdo\transport\xpdovehicle.class.php : 145) PHP warning: "continue" targeting switch is equivalent to "break". Did you mean to use "continue 2"?
[2019-01-17 18:56:13] (ERROR @ C:\xampp\htdocs\project\core\xpdo\transport\xpdovehicle.class.php : 222) PHP warning: "continue" targeting switch is equivalent to "break". Did you mean to use "continue 2"?
[2019-01-17 18:56:13] (ERROR in xPDO::getService @ C:\xampp\htdocs\project\core\xpdo\xpdo.class.php : 1234) modRestClient::__construct is deprecated since version 2.3.0. Use the modRest classes instead.
[2019-01-17 18:56:13] (ERROR in modRestCurlClient::__construct @ C:\xampp\htdocs\project\core\model\modx\rest\modrestcurlclient.class.php : 26) modRestClient::__construct is deprecated since version 2.3.0. Use the modRest classes instead.
[2019-01-17 18:56:13] (ERROR @ C:\xampp\htdocs\project\core\model\modx\transport\modtransportpackage.class.php : 487) PHP warning: "continue" targeting switch is equivalent to "break". Did you mean to use "continue 2"?
[2019-01-17 18:56:13] (ERROR in xPDO::getService @ C:\xampp\htdocs\project\core\xpdo\xpdo.class.php : 1234) modRestClient::__construct is deprecated since version 2.3.0. Use the modRest classes instead.
[2019-01-17 18:56:13] (ERROR in modRestCurlClient::__construct @ C:\xampp\htdocs\project\core\model\modx\rest\modrestcurlclient.class.php : 26) modRestClient::__construct is deprecated since version 2.3.0. Use the modRest classes instead.
[2019-01-17 18:56:14] (ERROR @ C:\xampp\htdocs\project\core\model\modx\transport\modtransportpackage.class.php : 487) PHP warning: "continue" targeting switch is equivalent to "break". Did you mean to use "continue 2"?
[2019-01-17 18:56:17] (ERROR in xPDO::getService @ C:\xampp\htdocs\project\core\xpdo\xpdo.class.php : 1234) modRestClient::__construct is deprecated since version 2.3.0. Use the modRest classes instead.
[2019-01-17 18:56:17] (ERROR in modRestCurlClient::__construct @ C:\xampp\htdocs\project\core\model\modx\rest\modrestcurlclient.class.php : 26) modRestClient::__construct is deprecated since version 2.3.0. Use the modRest classes instead.
[2019-01-17 18:56:18] (ERROR @ C:\xampp\htdocs\project\core\model\modx\transport\modtransportpackage.class.php : 487) PHP warning: "continue" targeting switch is equivalent to "break". Did you mean to use "continue 2"?
[2019-01-17 18:56:20] (ERROR in xPDO::getService @ C:\xampp\htdocs\project\core\xpdo\xpdo.class.php : 1234) modRestClient::__construct is deprecated since version 2.3.0. Use the modRest classes instead.
[2019-01-17 18:56:20] (ERROR in modRestCurlClient::__construct @ C:\xampp\htdocs\project\core\model\modx\rest\modrestcurlclient.class.php : 26) modRestClient::__construct is deprecated since version 2.3.0. Use the modRest classes instead.
[2019-01-17 18:56:20] (ERROR @ C:\xampp\htdocs\project\core\model\modx\transport\modtransportpackage.class.php : 487) PHP warning: "continue" targeting switch is equivalent to "break". Did you mean to use "continue 2"?
[2019-01-17 18:56:28] (ERROR @ C:\xampp\htdocs\project\core\xpdo\transport\xpdovehicle.class.php : 145) PHP warning: "continue" targeting switch is equivalent to "break". Did you mean to use "continue 2"?
[2019-01-17 18:56:28] (ERROR @ C:\xampp\htdocs\project\core\xpdo\transport\xpdovehicle.class.php : 222) PHP warning: "continue" targeting switch is equivalent to "break". Did you mean to use "continue 2"?
[2019-01-17 18:56:28] (ERROR @ C:\xampp\htdocs\project\core\model\modx\transport\modtransportpackage.class.php : 487) PHP warning: "continue" targeting switch is equivalent to "break". Did you mean to use "continue 2"?
[2019-01-17 18:56:28] (ERROR in xPDO::getService @ C:\xampp\htdocs\project\core\xpdo\xpdo.class.php : 1234) modRestClient::__construct is deprecated since version 2.3.0. Use the modRest classes instead.
[2019-01-17 18:56:28] (ERROR in modRestCurlClient::__construct @ C:\xampp\htdocs\project\core\model\modx\rest\modrestcurlclient.class.php : 26) modRestClient::__construct is deprecated since version 2.3.0. Use the modRest classes instead.
[2019-01-17 18:56:28] (ERROR in xPDO::getService @ C:\xampp\htdocs\project\core\xpdo\xpdo.class.php : 1234) modRestClient::__construct is deprecated since version 2.3.0. Use the modRest classes instead.
[2019-01-17 18:56:28] (ERROR in modRestCurlClient::__construct @ C:\xampp\htdocs\project\core\model\modx\rest\modrestcurlclient.class.php : 26) modRestClient::__construct is deprecated since version 2.3.0. Use the modRest classes instead.
[2019-01-17 18:56:30] (ERROR @ C:\xampp\htdocs\project\core\model\modx\transport\modtransportpackage.class.php : 487) PHP warning: "continue" targeting switch is equivalent to "break". Did you mean to use "continue 2"?
[2019-01-17 18:56:31] (ERROR in xPDO::getService @ C:\xampp\htdocs\project\core\xpdo\xpdo.class.php : 1234) modRestClient::__construct is deprecated since version 2.3.0. Use the modRest classes instead.
[2019-01-17 18:56:31] (ERROR in modRestCurlClient::__construct @ C:\xampp\htdocs\project\core\model\modx\rest\modrestcurlclient.class.php : 26) modRestClient::__construct is deprecated since version 2.3.0. Use the modRest classes instead.
[2019-01-17 18:56:32] (ERROR @ C:\xampp\htdocs\project\core\model\modx\transport\modtransportpackage.class.php : 487) PHP warning: "continue" targeting switch is equivalent to "break". Did you mean to use "continue 2"?
[2019-01-17 18:56:36] (ERROR in xPDO::getService @ C:\xampp\htdocs\project\core\xpdo\xpdo.class.php : 1234) modRestClient::__construct is deprecated since version 2.3.0. Use the modRest classes instead.
[2019-01-17 18:56:36] (ERROR in modRestCurlClient::__construct @ C:\xampp\htdocs\project\core\model\modx\rest\modrestcurlclient.class.php : 26) modRestClient::__construct is deprecated since version 2.3.0. Use the modRest classes instead.
[2019-01-17 18:56:36] (ERROR @ C:\xampp\htdocs\project\core\model\modx\transport\modtransportpackage.class.php : 487) PHP warning: "continue" targeting switch is equivalent to "break". Did you mean to use "continue 2"?
[2019-01-17 18:56:38] (ERROR @ C:\xampp\htdocs\project\core\xpdo\transport\xpdovehicle.class.php : 145) PHP warning: "continue" targeting switch is equivalent to "break". Did you mean to use "continue 2"?
[2019-01-17 18:56:38] (ERROR @ C:\xampp\htdocs\project\core\xpdo\transport\xpdovehicle.class.php : 222) PHP warning: "continue" targeting switch is equivalent to "break". Did you mean to use "continue 2"?
[2019-01-17 18:56:38] (ERROR in xPDO::getService @ C:\xampp\htdocs\project\core\xpdo\xpdo.class.php : 1234) modRestClient::__construct is deprecated since version 2.3.0. Use the modRest classes instead.
[2019-01-17 18:56:38] (ERROR in modRestCurlClient::__construct @ C:\xampp\htdocs\project\core\model\modx\rest\modrestcurlclient.class.php : 26) modRestClient::__construct is deprecated since version 2.3.0. Use the modRest classes instead.
[2019-01-17 18:56:38] (ERROR @ C:\xampp\htdocs\project\core\model\modx\transport\modtransportpackage.class.php : 487) PHP warning: "continue" targeting switch is equivalent to "break". Did you mean to use "continue 2"?
[2019-01-17 18:56:38] (ERROR in xPDO::getService @ C:\xampp\htdocs\project\core\xpdo\xpdo.class.php : 1234) modRestClient::__construct is deprecated since version 2.3.0. Use the modRest classes instead.
[2019-01-17 18:56:39] (ERROR in modRestCurlClient::__construct @ C:\xampp\htdocs\project\core\model\modx\rest\modrestcurlclient.class.php : 26) modRestClient::__construct is deprecated since version 2.3.0. Use the modRest classes instead.
[2019-01-17 18:56:39] (ERROR @ C:\xampp\htdocs\project\core\model\modx\transport\modtransportpackage.class.php : 487) PHP warning: "continue" targeting switch is equivalent to "break". Did you mean to use "continue 2"?
[2019-01-17 18:56:43] (ERROR in xPDO::getService @ C:\xampp\htdocs\project\core\xpdo\xpdo.class.php : 1234) modRestClient::__construct is deprecated since version 2.3.0. Use the modRest classes instead.
[2019-01-17 18:56:43] (ERROR in modRestCurlClient::__construct @ C:\xampp\htdocs\project\core\model\modx\rest\modrestcurlclient.class.php : 26) modRestClient::__construct is deprecated since version 2.3.0. Use the modRest classes instead.
[2019-01-17 18:56:44] (ERROR @ C:\xampp\htdocs\project\core\model\modx\transport\modtransportpackage.class.php : 487) PHP warning: "continue" targeting switch is equivalent to "break". Did you mean to use "continue 2"?
[2019-01-17 18:56:46] (ERROR in xPDO::getService @ C:\xampp\htdocs\project\core\xpdo\xpdo.class.php : 1234) modRestClient::__construct is deprecated since version 2.3.0. Use the modRest classes instead.
[2019-01-17 18:56:46] (ERROR in modRestCurlClient::__construct @ C:\xampp\htdocs\project\core\model\modx\rest\modrestcurlclient.class.php : 26) modRestClient::__construct is deprecated since version 2.3.0. Use the modRest classes instead.
[2019-01-17 18:56:47] (ERROR @ C:\xampp\htdocs\project\core\model\modx\transport\modtransportpackage.class.php : 487) PHP warning: "continue" targeting switch is equivalent to "break". Did you mean to use "continue 2"?
[2019-01-17 18:56:49] (ERROR @ C:\xampp\htdocs\project\core\xpdo\transport\xpdovehicle.class.php : 145) PHP warning: "continue" targeting switch is equivalent to "break". Did you mean to use "continue 2"?
[2019-01-17 18:56:49] (ERROR @ C:\xampp\htdocs\project\core\xpdo\transport\xpdovehicle.class.php : 222) PHP warning: "continue" targeting switch is equivalent to "break". Did you mean to use "continue 2"?
[2019-01-17 18:56:49] (ERROR @ C:\xampp\htdocs\project\core\model\modx\transport\modtransportpackage.class.php : 487) PHP warning: "continue" targeting switch is equivalent to "break". Did you mean to use "continue 2"?
[2019-01-17 18:56:49] (ERROR in xPDO::getService @ C:\xampp\htdocs\project\core\xpdo\xpdo.class.php : 1234) modRestClient::__construct is deprecated since version 2.3.0. Use the modRest classes instead.
[2019-01-17 18:56:49] (ERROR in modRestCurlClient::__construct @ C:\xampp\htdocs\project\core\model\modx\rest\modrestcurlclient.class.php : 26) modRestClient::__construct is deprecated since version 2.3.0. Use the modRest classes instead.
[2019-01-17 18:56:49] (ERROR in xPDO::getService @ C:\xampp\htdocs\project\core\xpdo\xpdo.class.php : 1234) modRestClient::__construct is deprecated since version 2.3.0. Use the modRest classes instead.
[2019-01-17 18:56:49] (ERROR in modRestCurlClient::__construct @ C:\xampp\htdocs\project\core\model\modx\rest\modrestcurlclient.class.php : 26) modRestClient::__construct is deprecated since version 2.3.0. Use the modRest classes instead.
[2019-01-17 18:56:50] (ERROR @ C:\xampp\htdocs\project\core\model\modx\transport\modtransportpackage.class.php : 487) PHP warning: "continue" targeting switch is equivalent to "break". Did you mean to use "continue 2"?
[2019-01-17 18:56:57] (ERROR in xPDO::getService @ C:\xampp\htdocs\project\core\xpdo\xpdo.class.php : 1234) modRestClient::__construct is deprecated since version 2.3.0. Use the modRest classes instead.
[2019-01-17 18:56:57] (ERROR in modRestCurlClient::__construct @ C:\xampp\htdocs\project\core\model\modx\rest\modrestcurlclient.class.php : 26) modRestClient::__construct is deprecated since version 2.3.0. Use the modRest classes instead.
[2019-01-17 18:56:58] (ERROR @ C:\xampp\htdocs\project\core\model\modx\transport\modtransportpackage.class.php : 487) PHP warning: "continue" targeting switch is equivalent to "break". Did you mean to use "continue 2"?
[2019-01-17 18:56:59] (ERROR in xPDO::getService @ C:\xampp\htdocs\project\core\xpdo\xpdo.class.php : 1234) modRestClient::__construct is deprecated since version 2.3.0. Use the modRest classes instead.
[2019-01-17 18:56:59] (ERROR in modRestCurlClient::__construct @ C:\xampp\htdocs\project\core\model\modx\rest\modrestcurlclient.class.php : 26) modRestClient::__construct is deprecated since version 2.3.0. Use the modRest classes instead.
[2019-01-17 18:57:00] (ERROR @ C:\xampp\htdocs\project\core\model\modx\transport\modtransportpackage.class.php : 487) PHP warning: "continue" targeting switch is equivalent to "break". Did you mean to use "continue 2"?
[2019-01-17 18:57:07] (ERROR @ C:\xampp\htdocs\project\core\xpdo\transport\xpdovehicle.class.php : 145) PHP warning: "continue" targeting switch is equivalent to "break". Did you mean to use "continue 2"?
[2019-01-17 18:57:07] (ERROR @ C:\xampp\htdocs\project\core\xpdo\transport\xpdovehicle.class.php : 222) PHP warning: "continue" targeting switch is equivalent to "break". Did you mean to use "continue 2"?
[2019-01-17 18:57:07] (ERROR in xPDO::getService @ C:\xampp\htdocs\project\core\xpdo\xpdo.class.php : 1234) modRestClient::__construct is deprecated since version 2.3.0. Use the modRest classes instead.
[2019-01-17 18:57:07] (ERROR in modRestCurlClient::__construct @ C:\xampp\htdocs\project\core\model\modx\rest\modrestcurlclient.class.php : 26) modRestClient::__construct is deprecated since version 2.3.0. Use the modRest classes instead.
[2019-01-17 18:57:07] (ERROR @ C:\xampp\htdocs\project\core\model\modx\transport\modtransportpackage.class.php : 487) PHP warning: "continue" targeting switch is equivalent to "break". Did you mean to use "continue 2"?
[2019-01-17 18:57:07] (ERROR in xPDO::getService @ C:\xampp\htdocs\project\core\xpdo\xpdo.class.php : 1234) modRestClient::__construct is deprecated since version 2.3.0. Use the modRest classes instead.
[2019-01-17 18:57:07] (ERROR in modRestCurlClient::__construct @ C:\xampp\htdocs\project\core\model\modx\rest\modrestcurlclient.class.php : 26) modRestClient::__construct is deprecated since version 2.3.0. Use the modRest classes instead.
[2019-01-17 18:57:09] (ERROR @ C:\xampp\htdocs\project\core\model\modx\transport\modtransportpackage.class.php : 487) PHP warning: "continue" targeting switch is equivalent to "break". Did you mean to use "continue 2"?
[2019-01-17 18:57:11] (ERROR @ C:\xampp\htdocs\project\core\model\modx\transport\modtransportpackage.class.php : 487) PHP warning: "continue" targeting switch is equivalent to "break". Did you mean to use "continue 2"?
[2019-01-17 18:57:11] (ERROR @ C:\xampp\htdocs\project\core\xpdo\transport\xpdovehicle.class.php : 145) PHP warning: "continue" targeting switch is equivalent to "break". Did you mean to use "continue 2"?
[2019-01-17 18:57:11] (ERROR @ C:\xampp\htdocs\project\core\xpdo\transport\xpdovehicle.class.php : 222) PHP warning: "continue" targeting switch is equivalent to "break". Did you mean to use "continue 2"?
[2019-01-17 18:57:17] (ERROR @ C:\xampp\htdocs\project\core\model\modx\transport\modtransportpackage.class.php : 487) PHP warning: "continue" targeting switch is equivalent to "break". Did you mean to use "continue 2"?
[2019-01-17 18:57:17] (ERROR in xPDO::getService @ C:\xampp\htdocs\project\core\xpdo\xpdo.class.php : 1234) modRestClient::__construct is deprecated since version 2.3.0. Use the modRest classes instead.
[2019-01-17 18:57:17] (ERROR in modRestCurlClient::__construct @ C:\xampp\htdocs\project\core\model\modx\rest\modrestcurlclient.class.php : 26) modRestClient::__construct is deprecated since version 2.3.0. Use the modRest classes instead.
[2019-01-17 18:57:28] (ERROR @ C:\xampp\htdocs\project\core\model\modx\transport\modtransportpackage.class.php : 487) PHP warning: "continue" targeting switch is equivalent to "break". Did you mean to use "continue 2"?
[2019-01-17 18:57:28] (ERROR @ C:\xampp\htdocs\project\core\xpdo\transport\xpdovehicle.class.php : 145) PHP warning: "continue" targeting switch is equivalent to "break". Did you mean to use "continue 2"?
[2019-01-17 18:57:28] (ERROR @ C:\xampp\htdocs\project\core\xpdo\transport\xpdovehicle.class.php : 222) PHP warning: "continue" targeting switch is equivalent to "break". Did you mean to use "continue 2"?
[2019-01-17 18:57:36] (ERROR @ C:\xampp\htdocs\project\core\model\modx\transport\modtransportpackage.class.php : 487) PHP warning: "continue" targeting switch is equivalent to "break". Did you mean to use "continue 2"?
[2019-01-17 18:57:36] (ERROR in xPDO::getService @ C:\xampp\htdocs\project\core\xpdo\xpdo.class.php : 1234) modRestClient::__construct is deprecated since version 2.3.0. Use the modRest classes instead.
[2019-01-17 18:57:37] (ERROR in modRestCurlClient::__construct @ C:\xampp\htdocs\project\core\model\modx\rest\modrestcurlclient.class.php : 26) modRestClient::__construct is deprecated since version 2.3.0. Use the modRest classes instead.
[2019-01-17 18:57:48] (ERROR @ C:\xampp\htdocs\project\core\model\modx\transport\modtransportpackage.class.php : 487) PHP warning: "continue" targeting switch is equivalent to "break". Did you mean to use "continue 2"?
[2019-01-17 18:57:48] (ERROR @ C:\xampp\htdocs\project\core\xpdo\transport\xpdovehicle.class.php : 145) PHP warning: "continue" targeting switch is equivalent to "break". Did you mean to use "continue 2"?
[2019-01-17 18:57:48] (ERROR @ C:\xampp\htdocs\project\core\xpdo\transport\xpdovehicle.class.php : 222) PHP warning: "continue" targeting switch is equivalent to "break". Did you mean to use "continue 2"?
[2019-01-17 18:57:50] (ERROR @ C:\xampp\htdocs\project\core\model\modx\transport\modtransportpackage.class.php : 487) PHP warning: "continue" targeting switch is equivalent to "break". Did you mean to use "continue 2"?
[2019-01-17 18:57:51] (ERROR in xPDO::getService @ C:\xampp\htdocs\project\core\xpdo\xpdo.class.php : 1234) modRestClient::__construct is deprecated since version 2.3.0. Use the modRest classes instead.
[2019-01-17 18:57:51] (ERROR in modRestCurlClient::__construct @ C:\xampp\htdocs\project\core\model\modx\rest\modrestcurlclient.class.php : 26) modRestClient::__construct is deprecated since version 2.3.0. Use the modRest classes instead.
[2019-01-17 18:58:02] (ERROR @ C:\xampp\htdocs\project\core\model\modx\transport\modtransportpackage.class.php : 487) PHP warning: "continue" targeting switch is equivalent to "break". Did you mean to use "continue 2"?
[2019-01-17 18:58:02] (ERROR @ C:\xampp\htdocs\project\core\xpdo\transport\xpdovehicle.class.php : 145) PHP warning: "continue" targeting switch is equivalent to "break". Did you mean to use "continue 2"?
[2019-01-17 18:58:02] (ERROR @ C:\xampp\htdocs\project\core\xpdo\transport\xpdovehicle.class.php : 222) PHP warning: "continue" targeting switch is equivalent to "break". Did you mean to use "continue 2"?
[2019-01-17 18:58:04] (ERROR @ C:\xampp\htdocs\project\core\model\modx\transport\modtransportpackage.class.php : 487) PHP warning: "continue" targeting switch is equivalent to "break". Did you mean to use "continue 2"?
[2019-01-17 18:58:04] (ERROR in xPDO::getService @ C:\xampp\htdocs\project\core\xpdo\xpdo.class.php : 1234) modRestClient::__construct is deprecated since version 2.3.0. Use the modRest classes instead.
[2019-01-17 18:58:04] (ERROR in modRestCurlClient::__construct @ C:\xampp\htdocs\project\core\model\modx\rest\modrestcurlclient.class.php : 26) modRestClient::__construct is deprecated since version 2.3.0. Use the modRest classes instead.
[2019-01-17 18:58:14] (ERROR @ C:\xampp\htdocs\project\core\model\modx\transport\modtransportpackage.class.php : 487) PHP warning: "continue" targeting switch is equivalent to "break". Did you mean to use "continue 2"?
[2019-01-17 18:58:14] (ERROR @ C:\xampp\htdocs\project\core\xpdo\transport\xpdovehicle.class.php : 145) PHP warning: "continue" targeting switch is equivalent to "break". Did you mean to use "continue 2"?
[2019-01-17 18:58:14] (ERROR @ C:\xampp\htdocs\project\core\xpdo\transport\xpdovehicle.class.php : 222) PHP warning: "continue" targeting switch is equivalent to "break". Did you mean to use "continue 2"?
[2019-01-17 18:58:24] (ERROR @ C:\xampp\htdocs\project\core\model\modx\transport\modtransportpackage.class.php : 487) PHP warning: "continue" targeting switch is equivalent to "break". Did you mean to use "continue 2"?
[2019-01-17 18:58:24] (ERROR in xPDO::getService @ C:\xampp\htdocs\project\core\xpdo\xpdo.class.php : 1234) modRestClient::__construct is deprecated since version 2.3.0. Use the modRest classes instead.
[2019-01-17 18:58:24] (ERROR in modRestCurlClient::__construct @ C:\xampp\htdocs\project\core\model\modx\rest\modrestcurlclient.class.php : 26) modRestClient::__construct is deprecated since version 2.3.0. Use the modRest classes instead.
[2019-01-17 18:58:53] (ERROR @ C:\xampp\htdocs\project\core\model\modx\transport\modtransportpackage.class.php : 487) PHP warning: "continue" targeting switch is equivalent to "break". Did you mean to use "continue 2"?
[2019-01-17 18:58:53] (ERROR @ C:\xampp\htdocs\project\core\xpdo\transport\xpdovehicle.class.php : 145) PHP warning: "continue" targeting switch is equivalent to "break". Did you mean to use "continue 2"?
[2019-01-17 18:58:53] (ERROR @ C:\xampp\htdocs\project\core\xpdo\transport\xpdovehicle.class.php : 222) PHP warning: "continue" targeting switch is equivalent to "break". Did you mean to use "continue 2"?
[2019-01-17 18:59:02] (ERROR @ C:\xampp\htdocs\project\core\model\modx\transport\modtransportpackage.class.php : 487) PHP warning: "continue" targeting switch is equivalent to "break". Did you mean to use "continue 2"?
[2019-01-17 18:59:02] (ERROR in xPDO::getService @ C:\xampp\htdocs\project\core\xpdo\xpdo.class.php : 1234) modRestClient::__construct is deprecated since version 2.3.0. Use the modRest classes instead.
[2019-01-17 18:59:02] (ERROR in modRestCurlClient::__construct @ C:\xampp\htdocs\project\core\model\modx\rest\modrestcurlclient.class.php : 26) modRestClient::__construct is deprecated since version 2.3.0. Use the modRest classes instead.
[2019-01-17 18:59:51] (ERROR @ C:\xampp\htdocs\project\core\model\modx\transport\modtransportpackage.class.php : 487) PHP warning: "continue" targeting switch is equivalent to "break". Did you mean to use "continue 2"?
[2019-01-17 18:59:51] (ERROR @ C:\xampp\htdocs\project\core\xpdo\transport\xpdovehicle.class.php : 145) PHP warning: "continue" targeting switch is equivalent to "break". Did you mean to use "continue 2"?
[2019-01-17 18:59:51] (ERROR @ C:\xampp\htdocs\project\core\xpdo\transport\xpdovehicle.class.php : 222) PHP warning: "continue" targeting switch is equivalent to "break". Did you mean to use "continue 2"?
[2019-01-17 18:59:53] (ERROR @ C:\xampp\htdocs\project\core\model\modx\transport\modtransportpackage.class.php : 487) PHP warning: "continue" targeting switch is equivalent to "break". Did you mean to use "continue 2"?
[2019-01-17 18:59:53] (ERROR in xPDO::getService @ C:\xampp\htdocs\project\core\xpdo\xpdo.class.php : 1234) modRestClient::__construct is deprecated since version 2.3.0. Use the modRest classes instead.
[2019-01-17 18:59:53] (ERROR in modRestCurlClient::__construct @ C:\xampp\htdocs\project\core\model\modx\rest\modrestcurlclient.class.php : 26) modRestClient::__construct is deprecated since version 2.3.0. Use the modRest classes instead.
[2019-01-17 19:00:04] (ERROR @ C:\xampp\htdocs\project\core\model\modx\transport\modtransportpackage.class.php : 487) PHP warning: "continue" targeting switch is equivalent to "break". Did you mean to use "continue 2"?
[2019-01-17 19:00:04] (ERROR @ C:\xampp\htdocs\project\core\xpdo\transport\xpdovehicle.class.php : 145) PHP warning: "continue" targeting switch is equivalent to "break". Did you mean to use "continue 2"?
[2019-01-17 19:00:04] (ERROR @ C:\xampp\htdocs\project\core\xpdo\transport\xpdovehicle.class.php : 222) PHP warning: "continue" targeting switch is equivalent to "break". Did you mean to use "continue 2"?
[2019-01-17 19:00:11] (ERROR @ C:\xampp\htdocs\project\core\model\modx\transport\modtransportpackage.class.php : 487) PHP warning: "continue" targeting switch is equivalent to "break". Did you mean to use "continue 2"?
[2019-01-17 19:00:11] (ERROR in xPDO::getService @ C:\xampp\htdocs\project\core\xpdo\xpdo.class.php : 1234) modRestClient::__construct is deprecated since version 2.3.0. Use the modRest classes instead.
[2019-01-17 19:00:11] (ERROR in modRestCurlClient::__construct @ C:\xampp\htdocs\project\core\model\modx\rest\modrestcurlclient.class.php : 26) modRestClient::__construct is deprecated since version 2.3.0. Use the modRest classes instead.
[2019-01-17 19:00:21] (ERROR @ C:\xampp\htdocs\project\core\model\modx\transport\modtransportpackage.class.php : 487) PHP warning: "continue" targeting switch is equivalent to "break". Did you mean to use "continue 2"?
[2019-01-17 19:00:21] (ERROR @ C:\xampp\htdocs\project\core\xpdo\transport\xpdovehicle.class.php : 145) PHP warning: "continue" targeting switch is equivalent to "break". Did you mean to use "continue 2"?
[2019-01-17 19:00:21] (ERROR @ C:\xampp\htdocs\project\core\xpdo\transport\xpdovehicle.class.php : 222) PHP warning: "continue" targeting switch is equivalent to "break". Did you mean to use "continue 2"?
[2019-01-17 19:00:28] (ERROR @ C:\xampp\htdocs\project\core\model\modx\transport\modtransportpackage.class.php : 487) PHP warning: "continue" targeting switch is equivalent to "break". Did you mean to use "continue 2"?
[2019-01-17 19:00:28] (ERROR in xPDO::getService @ C:\xampp\htdocs\project\core\xpdo\xpdo.class.php : 1234) modRestClient::__construct is deprecated since version 2.3.0. Use the modRest classes instead.
[2019-01-17 19:00:28] (ERROR in modRestCurlClient::__construct @ C:\xampp\htdocs\project\core\model\modx\rest\modrestcurlclient.class.php : 26) modRestClient::__construct is deprecated since version 2.3.0. Use the modRest classes instead.
[2019-01-17 19:00:38] (ERROR @ C:\xampp\htdocs\project\core\model\modx\transport\modtransportpackage.class.php : 487) PHP warning: "continue" targeting switch is equivalent to "break". Did you mean to use "continue 2"?
[2019-01-17 19:00:38] (ERROR @ C:\xampp\htdocs\project\core\xpdo\transport\xpdovehicle.class.php : 145) PHP warning: "continue" targeting switch is equivalent to "break". Did you mean to use "continue 2"?
[2019-01-17 19:00:38] (ERROR @ C:\xampp\htdocs\project\core\xpdo\transport\xpdovehicle.class.php : 222) PHP warning: "continue" targeting switch is equivalent to "break". Did you mean to use "continue 2"?
[2019-01-17 19:00:41] (ERROR @ C:\xampp\htdocs\project\core\model\modx\transport\modtransportpackage.class.php : 487) PHP warning: "continue" targeting switch is equivalent to "break". Did you mean to use "continue 2"?
[2019-01-17 19:00:42] (ERROR in xPDO::getService @ C:\xampp\htdocs\project\core\xpdo\xpdo.class.php : 1234) modRestClient::__construct is deprecated since version 2.3.0. Use the modRest classes instead.
[2019-01-17 19:00:42] (ERROR in modRestCurlClient::__construct @ C:\xampp\htdocs\project\core\model\modx\rest\modrestcurlclient.class.php : 26) modRestClient::__construct is deprecated since version 2.3.0. Use the modRest classes instead.
[2019-01-17 19:00:52] (ERROR @ C:\xampp\htdocs\project\core\model\modx\transport\modtransportpackage.class.php : 487) PHP warning: "continue" targeting switch is equivalent to "break". Did you mean to use "continue 2"?
[2019-01-17 19:00:52] (ERROR @ C:\xampp\htdocs\project\core\xpdo\transport\xpdovehicle.class.php : 145) PHP warning: "continue" targeting switch is equivalent to "break". Did you mean to use "continue 2"?
[2019-01-17 19:00:52] (ERROR @ C:\xampp\htdocs\project\core\xpdo\transport\xpdovehicle.class.php : 222) PHP warning: "continue" targeting switch is equivalent to "break". Did you mean to use "continue 2"?
[2019-01-17 19:00:58] (ERROR @ C:\xampp\htdocs\project\core\model\modx\transport\modtransportpackage.class.php : 487) PHP warning: "continue" targeting switch is equivalent to "break". Did you mean to use "continue 2"?
[2019-01-17 19:00:58] (ERROR in xPDO::getService @ C:\xampp\htdocs\project\core\xpdo\xpdo.class.php : 1234) modRestClient::__construct is deprecated since version 2.3.0. Use the modRest classes instead.
[2019-01-17 19:00:58] (ERROR in modRestCurlClient::__construct @ C:\xampp\htdocs\project\core\model\modx\rest\modrestcurlclient.class.php : 26) modRestClient::__construct is deprecated since version 2.3.0. Use the modRest classes instead.
[2019-01-17 19:01:09] (ERROR @ C:\xampp\htdocs\project\core\model\modx\transport\modtransportpackage.class.php : 487) PHP warning: "continue" targeting switch is equivalent to "break". Did you mean to use "continue 2"?
[2019-01-17 19:01:09] (ERROR @ C:\xampp\htdocs\project\core\xpdo\transport\xpdovehicle.class.php : 145) PHP warning: "continue" targeting switch is equivalent to "break". Did you mean to use "continue 2"?
[2019-01-17 19:01:09] (ERROR @ C:\xampp\htdocs\project\core\xpdo\transport\xpdovehicle.class.php : 222) PHP warning: "continue" targeting switch is equivalent to "break". Did you mean to use "continue 2"?
[2019-01-17 19:01:12] (ERROR @ C:\xampp\htdocs\project\core\model\modx\transport\modtransportpackage.class.php : 487) PHP warning: "continue" targeting switch is equivalent to "break". Did you mean to use "continue 2"?
[2019-01-17 19:01:12] (ERROR in xPDO::getService @ C:\xampp\htdocs\project\core\xpdo\xpdo.class.php : 1234) modRestClient::__construct is deprecated since version 2.3.0. Use the modRest classes instead.
[2019-01-17 19:01:12] (ERROR in modRestCurlClient::__construct @ C:\xampp\htdocs\project\core\model\modx\rest\modrestcurlclient.class.php : 26) modRestClient::__construct is deprecated since version 2.3.0. Use the modRest classes instead.
[2019-01-17 19:01:23] (ERROR @ C:\xampp\htdocs\project\core\model\modx\transport\modtransportpackage.class.php : 487) PHP warning: "continue" targeting switch is equivalent to "break". Did you mean to use "continue 2"?
[2019-01-17 19:01:23] (ERROR @ C:\xampp\htdocs\project\core\xpdo\transport\xpdovehicle.class.php : 145) PHP warning: "continue" targeting switch is equivalent to "break". Did you mean to use "continue 2"?
[2019-01-17 19:01:23] (ERROR @ C:\xampp\htdocs\project\core\xpdo\transport\xpdovehicle.class.php : 222) PHP warning: "continue" targeting switch is equivalent to "break". Did you mean to use "continue 2"?
[2019-01-17 19:01:26] (ERROR @ C:\xampp\htdocs\project\core\model\modx\transport\modtransportpackage.class.php : 487) PHP warning: "continue" targeting switch is equivalent to "break". Did you mean to use "continue 2"?
[2019-01-17 19:01:26] (ERROR in xPDO::getService @ C:\xampp\htdocs\project\core\xpdo\xpdo.class.php : 1234) modRestClient::__construct is deprecated since version 2.3.0. Use the modRest classes instead.
[2019-01-17 19:01:26] (ERROR in modRestCurlClient::__construct @ C:\xampp\htdocs\project\core\model\modx\rest\modrestcurlclient.class.php : 26) modRestClient::__construct is deprecated since version 2.3.0. Use the modRest classes instead.
[2019-01-17 19:01:38] (ERROR in modMenu::getSubMenus @ C:\xampp\htdocs\project\core\model\modx\modmenu.class.php : 145) modAction support is deprecated since version 2.3.0. Support for modAction has been replaced with routing based on a namespace and action name. Please update the extra with the namespace formit to the routing based system.
[2019-01-17 19:01:38] (ERROR in modMenu::getSubMenus @ C:\xampp\htdocs\project\core\model\modx\modmenu.class.php : 145) modAction support is deprecated since version 2.3.0. Support for modAction has been replaced with routing based on a namespace and action name. Please update the extra with the namespace gallery to the routing based system.
[2019-01-17 19:01:38] (ERROR in modMenu::getSubMenus @ C:\xampp\htdocs\project\core\model\modx\modmenu.class.php : 145) modAction support is deprecated since version 2.3.0. Support for modAction has been replaced with routing based on a namespace and action name. Please update the extra with the namespace collections to the routing based system.
[2019-01-17 19:01:39] (ERROR in modProcessor::run @ C:\xampp\htdocs\project\core\model\modx\modprocessor.class.php : 177) Flat file processor support is deprecated since version 2.7.0. 
[2019-01-17 19:01:40] (ERROR @ C:\xampp\htdocs\project\core\model\modx\modcachemanager.class.php : 349) Error caching lexicon topic lexicon/en/core/setting
[2019-01-17 19:07:44] (ERROR in modMenu::getSubMenus @ C:\xampp\htdocs\project\core\model\modx\modmenu.class.php : 145) modAction support is deprecated since version 2.3.0. Support for modAction has been replaced with routing based on a namespace and action name. Please update the extra with the namespace formit to the routing based system.
[2019-01-17 19:07:44] (ERROR in modMenu::getSubMenus @ C:\xampp\htdocs\project\core\model\modx\modmenu.class.php : 145) modAction support is deprecated since version 2.3.0. Support for modAction has been replaced with routing based on a namespace and action name. Please update the extra with the namespace gallery to the routing based system.
[2019-01-17 19:07:44] (ERROR in modMenu::getSubMenus @ C:\xampp\htdocs\project\core\model\modx\modmenu.class.php : 145) modAction support is deprecated since version 2.3.0. Support for modAction has been replaced with routing based on a namespace and action name. Please update the extra with the namespace collections to the routing based system.
[2019-01-17 19:07:45] (ERROR in modProcessor::run @ C:\xampp\htdocs\project\core\model\modx\modprocessor.class.php : 177) Flat file processor support is deprecated since version 2.7.0. 
[2019-01-17 19:07:46] (ERROR @ C:\xampp\htdocs\project\core\model\modx\transport\modtransportpackage.class.php : 487) PHP warning: "continue" targeting switch is equivalent to "break". Did you mean to use "continue 2"?
[2019-01-17 19:07:46] (ERROR in xPDO::getService @ C:\xampp\htdocs\project\core\xpdo\xpdo.class.php : 1234) modRestClient::__construct is deprecated since version 2.3.0. Use the modRest classes instead.
[2019-01-17 19:07:46] (ERROR in xPDO::getService @ C:\xampp\htdocs\project\core\xpdo\xpdo.class.php : 1234) modRestClient::__construct is deprecated since version 2.3.0. Use the modRest classes instead.
[2019-01-17 19:07:46] (ERROR in modRestCurlClient::__construct @ C:\xampp\htdocs\project\core\model\modx\rest\modrestcurlclient.class.php : 26) modRestClient::__construct is deprecated since version 2.3.0. Use the modRest classes instead.
[2019-01-17 19:07:46] (ERROR in modRestCurlClient::__construct @ C:\xampp\htdocs\project\core\model\modx\rest\modrestcurlclient.class.php : 26) modRestClient::__construct is deprecated since version 2.3.0. Use the modRest classes instead.
[2019-01-17 19:07:47] (ERROR @ C:\xampp\htdocs\project\core\model\modx\transport\modtransportpackage.class.php : 487) PHP warning: "continue" targeting switch is equivalent to "break". Did you mean to use "continue 2"?
[2019-01-17 19:07:47] (ERROR @ C:\xampp\htdocs\project\core\model\modx\transport\modtransportpackage.class.php : 487) PHP warning: "continue" targeting switch is equivalent to "break". Did you mean to use "continue 2"?
[2019-01-17 19:07:52] (ERROR in modProcessor::run @ C:\xampp\htdocs\project\core\model\modx\modprocessor.class.php : 177) Flat file processor support is deprecated since version 2.7.0. 
[2019-01-17 19:12:43] (ERROR in modMenu::getSubMenus @ C:\xampp\htdocs\project\core\model\modx\modmenu.class.php : 145) modAction support is deprecated since version 2.3.0. Support for modAction has been replaced with routing based on a namespace and action name. Please update the extra with the namespace formit to the routing based system.
[2019-01-17 19:12:43] (ERROR in modMenu::getSubMenus @ C:\xampp\htdocs\project\core\model\modx\modmenu.class.php : 145) modAction support is deprecated since version 2.3.0. Support for modAction has been replaced with routing based on a namespace and action name. Please update the extra with the namespace gallery to the routing based system.
[2019-01-17 19:12:43] (ERROR in modMenu::getSubMenus @ C:\xampp\htdocs\project\core\model\modx\modmenu.class.php : 145) modAction support is deprecated since version 2.3.0. Support for modAction has been replaced with routing based on a namespace and action name. Please update the extra with the namespace collections to the routing based system.
[2019-01-17 19:12:44] (ERROR in modProcessor::run @ C:\xampp\htdocs\project\core\model\modx\modprocessor.class.php : 177) Flat file processor support is deprecated since version 2.7.0. 
[2019-01-17 19:12:49] (ERROR in modProcessor::run @ C:\xampp\htdocs\project\core\model\modx\modprocessor.class.php : 177) Flat file processor support is deprecated since version 2.7.0. 
[2019-01-17 19:16:18] (ERROR in modMenu::getSubMenus @ C:\xampp\htdocs\project\core\model\modx\modmenu.class.php : 145) modAction support is deprecated since version 2.3.0. Support for modAction has been replaced with routing based on a namespace and action name. Please update the extra with the namespace formit to the routing based system.
[2019-01-17 19:16:18] (ERROR in modMenu::getSubMenus @ C:\xampp\htdocs\project\core\model\modx\modmenu.class.php : 145) modAction support is deprecated since version 2.3.0. Support for modAction has been replaced with routing based on a namespace and action name. Please update the extra with the namespace gallery to the routing based system.
[2019-01-17 19:16:18] (ERROR in modMenu::getSubMenus @ C:\xampp\htdocs\project\core\model\modx\modmenu.class.php : 145) modAction support is deprecated since version 2.3.0. Support for modAction has been replaced with routing based on a namespace and action name. Please update the extra with the namespace collections to the routing based system.
[2019-01-17 19:16:18] (ERROR in modProcessor::run @ C:\xampp\htdocs\project\core\model\modx\modprocessor.class.php : 177) Flat file processor support is deprecated since version 2.7.0. 
[2019-01-17 19:16:28] (ERROR in modProcessor::run @ C:\xampp\htdocs\project\core\model\modx\modprocessor.class.php : 177) Flat file processor support is deprecated since version 2.7.0. 
[2019-01-17 19:18:35] (ERROR @ C:\xampp\htdocs\project\core\model\modx\modcachemanager.class.php : 349) Error caching lexicon topic lexicon/en/seopro/default
[2019-01-17 19:18:35] (ERROR @ C:\xampp\htdocs\project\core\model\modx\modcachemanager.class.php : 349) Error caching lexicon topic lexicon/en/fastuploadtv/default
[2019-01-17 19:18:35] (ERROR @ C:\xampp\htdocs\project\core\model\modx\modcachemanager.class.php : 349) Error caching lexicon topic lexicon/ru/core/default
[2019-01-17 19:18:40] (ERROR in modMenu::getSubMenus @ C:\xampp\htdocs\project\core\model\modx\modmenu.class.php : 145) modAction support is deprecated since version 2.3.0. Support for modAction has been replaced with routing based on a namespace and action name. Please update the extra with the namespace formit to the routing based system.
[2019-01-17 19:18:40] (ERROR in modMenu::getSubMenus @ C:\xampp\htdocs\project\core\model\modx\modmenu.class.php : 145) modAction support is deprecated since version 2.3.0. Support for modAction has been replaced with routing based on a namespace and action name. Please update the extra with the namespace gallery to the routing based system.
[2019-01-17 19:18:40] (ERROR in modMenu::getSubMenus @ C:\xampp\htdocs\project\core\model\modx\modmenu.class.php : 145) modAction support is deprecated since version 2.3.0. Support for modAction has been replaced with routing based on a namespace and action name. Please update the extra with the namespace collections to the routing based system.
[2019-01-17 19:18:40] (ERROR in modProcessor::run @ C:\xampp\htdocs\project\core\model\modx\modprocessor.class.php : 177) Flat file processor support is deprecated since version 2.7.0. 
[2019-01-17 19:18:44] (ERROR in modProcessor::run @ C:\xampp\htdocs\project\core\model\modx\modprocessor.class.php : 177) Flat file processor support is deprecated since version 2.7.0. 
[2019-01-17 19:18:52] (ERROR in modProcessor::run @ C:\xampp\htdocs\project\core\model\modx\modprocessor.class.php : 177) Flat file processor support is deprecated since version 2.7.0. 
[2019-01-17 19:20:04] (ERROR @ C:\xampp\htdocs\project\core\model\modx\modcachemanager.class.php : 322) Could not cache resource 1
[2019-01-17 19:20:04] (ERROR @ C:\xampp\htdocs\project\core\model\modx\modcachemanager.class.php : 322) Could not cache resource 1
[2019-01-17 19:20:04] (ERROR @ C:\xampp\htdocs\project\core\model\modx\modcachemanager.class.php : 322) Could not cache resource 1
[2019-01-17 19:21:41] (ERROR in modProcessor::run @ C:\xampp\htdocs\project\core\model\modx\modprocessor.class.php : 177) Flat file processor support is deprecated since version 2.7.0. 
[2019-01-17 19:22:01] (ERROR in modProcessor::run @ C:\xampp\htdocs\project\core\model\modx\modprocessor.class.php : 177) Flat file processor support is deprecated since version 2.7.0. 
[2019-01-17 19:22:32] (ERROR in modMenu::getSubMenus @ C:\xampp\htdocs\project\core\model\modx\modmenu.class.php : 145) modAction support is deprecated since version 2.3.0. Support for modAction has been replaced with routing based on a namespace and action name. Please update the extra with the namespace formit to the routing based system.
[2019-01-17 19:22:32] (ERROR in modMenu::getSubMenus @ C:\xampp\htdocs\project\core\model\modx\modmenu.class.php : 145) modAction support is deprecated since version 2.3.0. Support for modAction has been replaced with routing based on a namespace and action name. Please update the extra with the namespace gallery to the routing based system.
[2019-01-17 19:22:32] (ERROR in modMenu::getSubMenus @ C:\xampp\htdocs\project\core\model\modx\modmenu.class.php : 145) modAction support is deprecated since version 2.3.0. Support for modAction has been replaced with routing based on a namespace and action name. Please update the extra with the namespace collections to the routing based system.
[2019-01-17 19:22:32] (ERROR in modProcessor::run @ C:\xampp\htdocs\project\core\model\modx\modprocessor.class.php : 177) Flat file processor support is deprecated since version 2.7.0. 
[2019-01-17 19:22:36] (ERROR in modProcessor::run @ C:\xampp\htdocs\project\core\model\modx\modprocessor.class.php : 177) Flat file processor support is deprecated since version 2.7.0. 
[2019-01-17 19:22:40] (ERROR in modProcessor::run @ C:\xampp\htdocs\project\core\model\modx\modprocessor.class.php : 177) Flat file processor support is deprecated since version 2.7.0. 
[2019-01-17 19:22:49] (ERROR in modProcessor::run @ C:\xampp\htdocs\project\core\model\modx\modprocessor.class.php : 177) Flat file processor support is deprecated since version 2.7.0. 
[2019-01-17 19:23:09] (ERROR in modProcessor::run @ C:\xampp\htdocs\project\core\model\modx\modprocessor.class.php : 177) Flat file processor support is deprecated since version 2.7.0. 
